#
# A fatal error has been detected by the Java Runtime Environment:
#
#  SIGSEGV (0xb) at pc=0xb36f265d, pid=8075, tid=1820040000
#
# JRE version: Java(TM) SE Runtime Environment (7.0_71-b14) (build 1.7.0_71-b14)
# Java VM: Java HotSpot(TM) Server VM (24.71-b01 mixed mode linux-x86 )
# Problematic frame:
# v  ~BufferBlob::jni_fast_GetLongField
#
# Failed to write core dump. Core dumps have been disabled. To enable core dumping, try "ulimit -c unlimited" before starting Java again
#
# If you would like to submit a bug report, please visit:
#   http://bugreport.sun.com/bugreport/crash.jsp
# The crash happened outside the Java Virtual Machine in native code.
# See problematic frame for where to report the bug.
#

---------------  T H R E A D  ---------------

Current thread (0x6cb4a800):  JavaThread "AWT-XAWT" daemon [_thread_in_native, id=8092, stack(0x6c769000,0x6c7ba000)]

siginfo:si_signo=SIGSEGV: si_errno=0, si_code=1 (SEGV_MAPERR), si_addr=0x00000000

Registers:
EAX=0x00000000, EBX=0x6ca41614, ECX=0x000001ca, EDX=0x00000000
ESP=0x6c7b8e28, EBP=0x6c7b8e68, ESI=0x00000042, EDI=0x6cb4a930
EIP=0xb36f265d, EFLAGS=0x00010246, CR2=0x00000000

Top of Stack: (sp=0x6c7b8e28)
0x6c7b8e28:   6c57af90 6ca1489d 6cb4a930 00000000
0x6c7b8e38:   00000042 b77af100 6cb172d4 6cb4a930
0x6c7b8e48:   6c7b8e68 00000000 b71a6284 00010002
0x6c7b8e58:   6cb172d4 6c9cb000 6c57af90 00000000
0x6c7b8e68:   6c57b078 6c8f7e18 6c57b078 00000000
0x6c7b8e78:   00000000 6c9cb000 6c21e498 6cb13ee0
0x6c7b8e88:   6c8f7db9 6c9cb000 6c57b038 00800003
0x6c7b8e98:   6fc2d498 6c8ef2e8 6c57b078 6c7b8ec4 

Instructions: (pc=0xb36f265d)
0xb36f263d:   00 00 00 56 8b 0d 68 79 1c b7 f6 c1 01 0f 85 30
0xb36f264d:   00 00 00 8b c1 83 e0 01 8b 54 04 0c 8b 74 24 10
0xb36f265d:   8b 12 c1 ee 02 8b 04 32 8b 54 32 04 be 68 79 1c
0xb36f266d:   b7 33 f2 33 f0 33 f2 33 f0 3b 0e 0f 85 02 00 00 

Register to memory mapping:

EAX=0x00000000 is an unknown value
EBX=0x6ca41614: <offset 0x49614> in /home/programmer/jdk1.7.0_71/jre/lib/i386/xawt/libmawt.so at 0x6c9f8000
ECX=0x000001ca is an unknown value
EDX=0x00000000 is an unknown value
ESP=0x6c7b8e28 is pointing into the stack for thread: 0x6cb4a800
EBP=0x6c7b8e68 is pointing into the stack for thread: 0x6cb4a800
ESI=0x00000042 is an unknown value
EDI=0x6cb4a930 is an unknown value


Stack: [0x6c769000,0x6c7ba000],  sp=0x6c7b8e28,  free space=319k
Native frames: (J=compiled Java code, j=interpreted, Vv=VM code, C=native code)
v  ~BufferBlob::jni_fast_GetLongField

Java frames: (J=compiled Java code, j=interpreted, Vv=VM code)
j  sun.awt.X11.XlibWrapper.XFilterEvent(JJ)Z+0
j  sun.awt.X11.XToolkit.run(Z)V+300
j  sun.awt.X11.XToolkit.run()V+5
j  java.lang.Thread.run()V+11
v  ~StubRoutines::call_stub

---------------  P R O C E S S  ---------------

Java Threads: ( => current thread )
  0x6fcda400 JavaThread "TimerQueue" daemon [_thread_blocked, id=8098, stack(0x6bbaf000,0x6bc00000)]
  0xb6708400 JavaThread "DestroyJavaVM" [_thread_blocked, id=8079, stack(0xb6839000,0xb688a000)]
  0x6c3d3400 JavaThread "Abandoned connection cleanup thread" daemon [_thread_blocked, id=8097, stack(0x6bd9e000,0x6bdef000)]
  0x6cbac400 JavaThread "AWT-EventQueue-0" [_thread_blocked, id=8096, stack(0x6c60f000,0x6c660000)]
  0x6cbaac00 JavaThread "AWT-Shutdown" [_thread_blocked, id=8095, stack(0x6c660000,0x6c6b1000)]
=>0x6cb4a800 JavaThread "AWT-XAWT" daemon [_thread_in_native, id=8092, stack(0x6c769000,0x6c7ba000)]
  0x6cb36c00 JavaThread "Java2D Disposer" daemon [_thread_blocked, id=8091, stack(0x6c7d7000,0x6c828000)]
  0x6d32a400 JavaThread "Service Thread" daemon [_thread_blocked, id=8089, stack(0x6cdaa000,0x6cdfb000)]
  0x6d328800 JavaThread "C2 CompilerThread1" daemon [_thread_blocked, id=8088, stack(0x6cdfb000,0x6ce7c000)]
  0x6d326800 JavaThread "C2 CompilerThread0" daemon [_thread_blocked, id=8087, stack(0x6ce7c000,0x6cefd000)]
  0x6d324c00 JavaThread "Signal Dispatcher" daemon [_thread_blocked, id=8086, stack(0x6cefd000,0x6cf4e000)]
  0x6d314400 JavaThread "Finalizer" daemon [_thread_blocked, id=8085, stack(0x6d42e000,0x6d47f000)]
  0x6d312c00 JavaThread "Reference Handler" daemon [_thread_blocked, id=8084, stack(0x6fd09000,0x6fd5a000)]

Other Threads:
  0x6d310400 VMThread [stack: 0x6d27f000,0x6d300000] [id=8083]
  0x6d32c000 WatcherThread [stack: 0x6cd29000,0x6cdaa000] [id=8090]

VM state:not at safepoint (normal execution)

VM Mutex/Monitor currently owned by a thread: None

Heap
 PSYoungGen      total 18944K, used 8143K [0x9e500000, 0x9fa00000, 0xb35c0000)
  eden space 16384K, 34% used [0x9e500000,0x9ea740d0,0x9f500000)
  from space 2560K, 99% used [0x9f780000,0x9f9ffd58,0x9fa00000)
  to   space 2560K, 0% used [0x9f500000,0x9f500000,0x9f780000)
 ParOldGen       total 43008K, used 6275K [0x743c0000, 0x76dc0000, 0x9e500000)
  object space 43008K, 14% used [0x743c0000,0x749e0e68,0x76dc0000)
 PSPermGen       total 16384K, used 12001K [0x703c0000, 0x713c0000, 0x743c0000)
  object space 16384K, 73% used [0x703c0000,0x70f78780,0x713c0000)

Card table byte_map: [0x701a6000,0x703c0000] byte_map_base: 0x6fe24200

Polling page: 0xb77cb000

Code Cache  [0xb36ab000, 0xb38eb000, 0xb66ab000)
 total_blobs=496 nmethods=248 adapters=202 free_code_cache=48388Kb largest_free_block=49533120

Compilation events (10 events):
Event: 80,491 Thread 0x6d326800  257             sun.awt.X11.XWrapperBase::<init> (5 bytes)
Event: 80,492 Thread 0x6d326800 nmethod 257 0xb3751308 code [0xb37513e0, 0xb3751430]
Event: 81,459 Thread 0x6d328800  258             java.awt.EventQueue::noEvents (29 bytes)
Event: 81,461 Thread 0x6d328800 nmethod 258 0xb3751088 code [0xb3751180, 0xb3751230]
Event: 82,203 Thread 0x6d326800  259             sun.awt.X11.XAnyEvent::get_window (20 bytes)
Event: 82,211 Thread 0x6d326800 nmethod 259 0xb373eb88 code [0xb373ecc0, 0xb373eea4]
Event: 105,475 Thread 0x6d328800  261   !         javax.swing.RepaintManager::addDirtyRegion0 (205 bytes)
Event: 105,481 Thread 0x6d328800 nmethod 261 0xb3738108 code [0xb3738240, 0xb373851c]
Event: 108,291 Thread 0x6d326800  262             java.util.HashMap::put (142 bytes)
Event: 108,312 Thread 0x6d326800 nmethod 262 0xb3742188 code [0xb3742360, 0xb3742bcc]

GC Heap History (4 events):
Event: 3,001 GC heap before
{Heap before GC invocations=1 (full 0):
 PSYoungGen      total 18944K, used 16384K [0x9e500000, 0x9fa00000, 0xb35c0000)
  eden space 16384K, 100% used [0x9e500000,0x9f500000,0x9f500000)
  from space 2560K, 0% used [0x9f780000,0x9f780000,0x9fa00000)
  to   space 2560K, 0% used [0x9f500000,0x9f500000,0x9f780000)
 ParOldGen       total 43008K, used 0K [0x743c0000, 0x76dc0000, 0x9e500000)
  object space 43008K, 0% used [0x743c0000,0x743c0000,0x76dc0000)
 PSPermGen       total 16384K, used 9513K [0x703c0000, 0x713c0000, 0x743c0000)
  object space 16384K, 58% used [0x703c0000,0x70d0a6a8,0x713c0000)
Event: 3,011 GC heap after
Heap after GC invocations=1 (full 0):
 PSYoungGen      total 18944K, used 2554K [0x9e500000, 0x9fa00000, 0xb35c0000)
  eden space 16384K, 0% used [0x9e500000,0x9e500000,0x9f500000)
  from space 2560K, 99% used [0x9f500000,0x9f77eb90,0x9f780000)
  to   space 2560K, 0% used [0x9f780000,0x9f780000,0x9fa00000)
 ParOldGen       total 43008K, used 1634K [0x743c0000, 0x76dc0000, 0x9e500000)
  object space 43008K, 3% used [0x743c0000,0x74558ba8,0x76dc0000)
 PSPermGen       total 16384K, used 9513K [0x703c0000, 0x713c0000, 0x743c0000)
  object space 16384K, 58% used [0x703c0000,0x70d0a6a8,0x713c0000)
}
Event: 61,835 GC heap before
{Heap before GC invocations=2 (full 0):
 PSYoungGen      total 18944K, used 18938K [0x9e500000, 0x9fa00000, 0xb35c0000)
  eden space 16384K, 100% used [0x9e500000,0x9f500000,0x9f500000)
  from space 2560K, 99% used [0x9f500000,0x9f77eb90,0x9f780000)
  to   space 2560K, 0% used [0x9f780000,0x9f780000,0x9fa00000)
 ParOldGen       total 43008K, used 1634K [0x743c0000, 0x76dc0000, 0x9e500000)
  object space 43008K, 3% used [0x743c0000,0x74558ba8,0x76dc0000)
 PSPermGen       total 16384K, used 11827K [0x703c0000, 0x713c0000, 0x743c0000)
  object space 16384K, 72% used [0x703c0000,0x70f4cd78,0x713c0000)
Event: 61,850 GC heap after
Heap after GC invocations=2 (full 0):
 PSYoungGen      total 18944K, used 2559K [0x9e500000, 0x9fa00000, 0xb35c0000)
  eden space 16384K, 0% used [0x9e500000,0x9e500000,0x9f500000)
  from space 2560K, 99% used [0x9f780000,0x9f9ffd58,0x9fa00000)
  to   space 2560K, 0% used [0x9f500000,0x9f500000,0x9f780000)
 ParOldGen       total 43008K, used 6275K [0x743c0000, 0x76dc0000, 0x9e500000)
  object space 43008K, 14% used [0x743c0000,0x749e0e68,0x76dc0000)
 PSPermGen       total 16384K, used 11827K [0x703c0000, 0x713c0000, 0x743c0000)
  object space 16384K, 72% used [0x703c0000,0x70f4cd78,0x713c0000)
}

Deoptimization events (10 events):
Event: 64,458 Thread 0x6cbac400 Uncommon trap: reason=bimorphic action=maybe_recompile pc=0xb373c5dc method=java.util.HashMap.put(Ljava/lang/Object;Ljava/lang/Object;)Ljava/lang/Object; @ 83
Event: 64,458 Thread 0x6cbac400 Uncommon trap: reason=bimorphic action=maybe_recompile pc=0xb373c5dc method=java.util.HashMap.put(Ljava/lang/Object;Ljava/lang/Object;)Ljava/lang/Object; @ 83
Event: 64,458 Thread 0x6cbac400 Uncommon trap: reason=bimorphic action=maybe_recompile pc=0xb373c5dc method=java.util.HashMap.put(Ljava/lang/Object;Ljava/lang/Object;)Ljava/lang/Object; @ 83
Event: 64,458 Thread 0x6cbac400 Uncommon trap: reason=bimorphic action=maybe_recompile pc=0xb373c5dc method=java.util.HashMap.put(Ljava/lang/Object;Ljava/lang/Object;)Ljava/lang/Object; @ 83
Event: 78,471 Thread 0x6cbac400 Uncommon trap: reason=bimorphic action=maybe_recompile pc=0xb3740cd0 method=java.util.TreeMap.put(Ljava/lang/Object;Ljava/lang/Object;)Ljava/lang/Object; @ 141
Event: 105,651 Thread 0x6cbac400 Uncommon trap: reason=null_check action=make_not_entrant pc=0xb37384e4 method=javax.swing.RepaintManager.extendDirtyRegion(Ljava/awt/Component;IIII)Z @ 10
Event: 110,891 Thread 0x6cbac400 Uncommon trap: reason=class_check action=maybe_recompile pc=0xb3764134 method=java.awt.Container.getMouseEventTargetImpl(IIZLjava/awt/Container$EventTargetFilter;ZZ)Ljava/awt/Component; @ 191
Event: 110,899 Thread 0x6cbac400 Uncommon trap: reason=class_check action=maybe_recompile pc=0xb3764134 method=java.awt.Container.getMouseEventTargetImpl(IIZLjava/awt/Container$EventTargetFilter;ZZ)Ljava/awt/Component; @ 191
Event: 110,907 Thread 0x6cbac400 Uncommon trap: reason=class_check action=maybe_recompile pc=0xb3764134 method=java.awt.Container.getMouseEventTargetImpl(IIZLjava/awt/Container$EventTargetFilter;ZZ)Ljava/awt/Component; @ 191
Event: 110,915 Thread 0x6cbac400 Uncommon trap: reason=class_check action=maybe_recompile pc=0xb3764134 method=java.awt.Container.getMouseEventTargetImpl(IIZLjava/awt/Container$EventTargetFilter;ZZ)Ljava/awt/Component; @ 191

Internal exceptions (10 events):
Event: 48,984 Thread 0x6cbac400 Threw 0x9f422b00 at /HUDSON/workspace/7u-2-build-linux-i586/jdk7u71/1605/hotspot/src/share/vm/prims/jvm.cpp:1281
Event: 48,984 Thread 0x6cbac400 Threw 0x9f425d28 at /HUDSON/workspace/7u-2-build-linux-i586/jdk7u71/1605/hotspot/src/share/vm/prims/jvm.cpp:1281
Event: 48,985 Thread 0x6cbac400 Threw 0x9f42b140 at /HUDSON/workspace/7u-2-build-linux-i586/jdk7u71/1605/hotspot/src/share/vm/prims/jvm.cpp:1281
Event: 48,986 Thread 0x6cbac400 Threw 0x9f4302c8 at /HUDSON/workspace/7u-2-build-linux-i586/jdk7u71/1605/hotspot/src/share/vm/prims/jvm.cpp:1281
Event: 64,352 Thread 0x6cbac400 Threw 0x9e60e7e8 at /HUDSON/workspace/7u-2-build-linux-i586/jdk7u71/1605/hotspot/src/share/vm/prims/jvm.cpp:1281
Event: 64,352 Thread 0x6cbac400 Threw 0x9e611850 at /HUDSON/workspace/7u-2-build-linux-i586/jdk7u71/1605/hotspot/src/share/vm/prims/jvm.cpp:1281
Event: 64,352 Thread 0x6cbac400 Threw 0x9e615540 at /HUDSON/workspace/7u-2-build-linux-i586/jdk7u71/1605/hotspot/src/share/vm/prims/jvm.cpp:1281
Event: 64,352 Thread 0x6cbac400 Threw 0x9e618768 at /HUDSON/workspace/7u-2-build-linux-i586/jdk7u71/1605/hotspot/src/share/vm/prims/jvm.cpp:1281
Event: 73,220 Thread 0x6cbac400 Threw 0x9e724aa0 at /HUDSON/workspace/7u-2-build-linux-i586/jdk7u71/1605/hotspot/src/share/vm/prims/jni.cpp:743
Event: 105,651 Thread 0x6cbac400 Implicit null exception at 0xb37382f8 to 0xb37384da

Events (10 events):
Event: 110,891 Thread 0x6cbac400 DEOPT UNPACKING pc=0xb36d7bc8 sp=0x6c65dff4 mode 2
Event: 110,899 Thread 0x6cbac400 Uncommon trap: trap_request=0xffffffde fr.pc=0xb3764134
Event: 110,899 Thread 0x6cbac400 DEOPT PACKING pc=0xb3764134 sp=0x6c65e010
Event: 110,899 Thread 0x6cbac400 DEOPT UNPACKING pc=0xb36d7bc8 sp=0x6c65dff4 mode 2
Event: 110,907 Thread 0x6cbac400 Uncommon trap: trap_request=0xffffffde fr.pc=0xb3764134
Event: 110,907 Thread 0x6cbac400 DEOPT PACKING pc=0xb3764134 sp=0x6c65e010
Event: 110,907 Thread 0x6cbac400 DEOPT UNPACKING pc=0xb36d7bc8 sp=0x6c65dff4 mode 2
Event: 110,915 Thread 0x6cbac400 Uncommon trap: trap_request=0xffffffde fr.pc=0xb3764134
Event: 110,915 Thread 0x6cbac400 DEOPT PACKING pc=0xb3764134 sp=0x6c65e010
Event: 110,915 Thread 0x6cbac400 DEOPT UNPACKING pc=0xb36d7bc8 sp=0x6c65dff4 mode 2


Dynamic libraries:
08048000-08049000 r-xp 00000000 08:04 3286329    /home/programmer/jdk1.7.0_71/jre/bin/java
08049000-0804a000 rw-p 00000000 08:04 3286329    /home/programmer/jdk1.7.0_71/jre/bin/java
0823a000-085a9000 rw-p 00000000 00:00 0          [heap]
6b41e000-6b7d3000 rw-s 00000000 00:04 4751366    /SYSV00000000 (deleted)
6ba00000-6baed000 rw-p 00000000 00:00 0 
6baed000-6bb00000 ---p 00000000 00:00 0 
6bbaf000-6bbb2000 ---p 00000000 00:00 0 
6bbb2000-6bc00000 rw-p 00000000 00:00 0          [stack:8098]
6bc00000-6bce4000 rw-p 00000000 00:00 0 
6bce4000-6bd00000 ---p 00000000 00:00 0 
6bd90000-6bd94000 r--s 0008a000 08:04 3278345    /home/programmer/jdk1.7.0_71/jre/lib/jsse.jar
6bd94000-6bd9e000 r--s 00251000 08:04 3278325    /home/programmer/jdk1.7.0_71/jre/lib/resources.jar
6bd9e000-6bda1000 ---p 00000000 00:00 0 
6bda1000-6bdef000 rw-p 00000000 00:00 0          [stack:8097]
6bdef000-6be4f000 r-xp 00000000 08:04 3286125    /home/programmer/jdk1.7.0_71/jre/lib/i386/libt2k.so
6be4f000-6be53000 rw-p 00060000 08:04 3286125    /home/programmer/jdk1.7.0_71/jre/lib/i386/libt2k.so
6be53000-6be57000 rw-p 00000000 00:00 0 
6be57000-6be69000 r--s 00000000 08:04 2810939    /usr/share/fonts/type1/gsfonts/n019044l.pfb
6be69000-6be83000 r--s 00000000 08:04 2810909    /usr/share/fonts/type1/gsfonts/c059013l.pfb
6be83000-6be93000 r--s 00000000 08:04 2810885    /usr/share/fonts/type1/gsfonts/a010013l.pfb
6be93000-6beae000 r--s 00000000 08:04 2810975    /usr/share/fonts/type1/gsfonts/p052004l.pfb
6beae000-6bec9000 r--s 00000000 08:04 2810972    /usr/share/fonts/type1/gsfonts/p052003l.pfb
6bec9000-6bed5000 r--s 00000000 08:04 2810921    /usr/share/fonts/type1/gsfonts/d050000l.pfb
6bed5000-6bee5000 r--s 00000000 08:04 2810888    /usr/share/fonts/type1/gsfonts/a010015l.pfb
6bee5000-6befa000 r--s 00000000 08:04 2810903    /usr/share/fonts/type1/gsfonts/b018032l.pfb
6befa000-6bf0b000 r--s 00000000 08:04 2810942    /usr/share/fonts/type1/gsfonts/n019063l.pfb
6bf0b000-6bf14000 r--s 00000000 08:04 2810984    /usr/share/fonts/type1/gsfonts/s050000l.pfb
6bf14000-6bf26000 r--s 00000000 08:04 2810906    /usr/share/fonts/type1/gsfonts/b018035l.pfb
6bf26000-6bf41000 r--s 00000000 08:04 2810912    /usr/share/fonts/type1/gsfonts/c059016l.pfb
6bf41000-6bf49000 r--s 00000000 08:04 2385064    /var/cache/fontconfig/945677eb7aeaf62f1d50efc3fb3ec7d8-le32d4.cache-4
6bf49000-6bf4d000 r--s 00000000 08:04 2385062    /var/cache/fontconfig/2cd17615ca594fa2959ae173292e504c-le32d4.cache-4
6bf4d000-6bf52000 r--s 00000000 08:04 2385058    /var/cache/fontconfig/a755afe4a08bf5b97852ceb7400b47bc-le32d4.cache-4
6bf52000-6bf55000 r--s 00000000 08:04 2385057    /var/cache/fontconfig/de156ccd2eddbdc19d37a45b8b2aac9c-le32d4.cache-4
6bf55000-6bf64000 r--s 00000000 08:04 2385056    /var/cache/fontconfig/04aabc0a78ac019cf9454389977116d2-le32d4.cache-4
6bf64000-6bf68000 r--s 00000000 08:04 2385046    /var/cache/fontconfig/8801497958630a81b71ace7c5f9b32a8-le32d4.cache-4
6bf68000-6bf78000 r--s 00000000 08:04 2810891    /usr/share/fonts/type1/gsfonts/a010033l.pfb
6bf78000-6bf90000 r--s 00000000 08:04 2810915    /usr/share/fonts/type1/gsfonts/c059033l.pfb
6bf90000-6bfa2000 r--s 00000000 08:04 2810936    /usr/share/fonts/type1/gsfonts/n019043l.pfb
6bfa2000-6bfb5000 r--s 00000000 08:04 2810900    /usr/share/fonts/type1/gsfonts/b018015l.pfb
6bfb5000-6bfcc000 r--s 00000000 08:04 2810987    /usr/share/fonts/type1/gsfonts/z003034l.pfb
6bfcc000-6bfdd000 r--s 00000000 08:04 2810894    /usr/share/fonts/type1/gsfonts/a010035l.pfb
6bfdd000-6bff5000 r--s 00000000 08:04 2810918    /usr/share/fonts/type1/gsfonts/c059036l.pfb
6bff5000-6c008000 r--s 00000000 08:04 2810945    /usr/share/fonts/type1/gsfonts/n019064l.pfb
6c008000-6c024000 r--s 00000000 08:04 2810981    /usr/share/fonts/type1/gsfonts/p052024l.pfb
6c024000-6c03d000 r--s 00000000 08:04 2810897    /usr/share/fonts/type1/gsfonts/b018012l.pfb
6c03d000-6c058000 r--s 00000000 08:04 2810978    /usr/share/fonts/type1/gsfonts/p052023l.pfb
6c058000-6c061000 r--s 00000000 08:04 2810193    /usr/share/fonts/X11/Type1/c0633bt_.pfb
6c061000-6c06a000 r--s 00000000 08:04 2810191    /usr/share/fonts/X11/Type1/c0632bt_.pfb
6c06a000-6c073000 r--s 00000000 08:04 2810195    /usr/share/fonts/X11/Type1/c0648bt_.pfb
6c073000-6c07d000 r--s 00000000 08:04 2810183    /usr/share/fonts/X11/Type1/c0419bt_.pfb
6c07d000-6c087000 r--s 00000000 08:04 2810189    /usr/share/fonts/X11/Type1/c0611bt_.pfb
6c087000-6c091000 r--s 00000000 08:04 2810187    /usr/share/fonts/X11/Type1/c0583bt_.pfb
6c09b000-6c0a4000 r--s 00000000 08:04 2810197    /usr/share/fonts/X11/Type1/c0649bt_.pfb
6c0a4000-6c0ae000 r--s 00000000 08:04 2810185    /usr/share/fonts/X11/Type1/c0582bt_.pfb
6c0ae000-6c0af000 r--s 00000000 08:04 2385066    /var/cache/fontconfig/c05880de57d1f5e948fdfacc138775d9-le32d4.cache-4
6c0af000-6c0b0000 r--s 00000000 08:04 2385060    /var/cache/fontconfig/e7071f4a29fa870f4323321c154eba04-le32d4.cache-4
6c0b0000-6c0b5000 r--s 00000000 08:04 2385043    /var/cache/fontconfig/3047814df9a2f067bd2d96a2b9c36e5a-le32d4.cache-4
6c0b5000-6c0c5000 r--s 00000000 08:04 2385031    /var/cache/fontconfig/d52a8644073d54c13679302ca1180695-le32d4.cache-4
6c0c5000-6c0db000 r--s 00000000 08:04 2810969    /usr/share/fonts/type1/gsfonts/n022024l.pfb
6c0db000-6c124000 r--s 00000000 08:04 4874242    /usr/share/fonts/MACGRAND.PFB
6c124000-6c13c000 r--s 00000000 08:04 2810960    /usr/share/fonts/type1/gsfonts/n022003l.pfb
6c162000-6c166000 r--s 000f7000 08:04 3285592    /home/programmer/jdk1.7.0_71/jre/lib/ext/localedata.jar
6c166000-6c17c000 r--s 00000000 08:04 2810957    /usr/share/fonts/type1/gsfonts/n021024l.pfb
6c17c000-6c192000 r--s 00000000 08:04 2810966    /usr/share/fonts/type1/gsfonts/n022023l.pfb
6c192000-6c1c3000 r--s 00000000 08:04 2768874    /usr/share/fonts/Lucida MAC Bold.PFB
6c1c3000-6c1c4000 r--s 00000000 08:04 2385059    /var/cache/fontconfig/0d8c3b2ac0904cb8a57a757ad11a4a08-le32d4.cache-4
6c1c4000-6c1d5000 r--s 00000000 08:04 2810933    /usr/share/fonts/type1/gsfonts/n019024l.pfb
6c1d5000-6c1ee000 r--s 00000000 08:04 2810951    /usr/share/fonts/type1/gsfonts/n021004l.pfb
6c1ee000-6c200000 r--s 00000000 08:04 2810927    /usr/share/fonts/type1/gsfonts/n019004l.pfb
6c200000-6c2fe000 rw-p 00000000 00:00 0 
6c2fe000-6c300000 ---p 00000000 00:00 0 
6c300000-6c3fc000 rw-p 00000000 00:00 0 
6c3fc000-6c400000 ---p 00000000 00:00 0 
6c400000-6c403000 r--s 00000000 08:04 2385054    /var/cache/fontconfig/385c0604a188198f04d133e54aba7fe7-le32d4.cache-4
6c403000-6c41a000 r--s 00000000 08:04 2810954    /usr/share/fonts/type1/gsfonts/n021023l.pfb
6c41a000-6c42b000 r--s 00000000 08:04 2810930    /usr/share/fonts/type1/gsfonts/n019023l.pfb
6c42b000-6c42c000 r--s 00000000 08:04 2385055    /var/cache/fontconfig/1ac9eb803944fde146138c791f5cc56a-le32d4.cache-4
6c42c000-6c433000 r--s 00000000 08:04 2385028    /var/cache/fontconfig/3f7329c5293ffd510edef78f73874cfd-le32d4.cache-4
6c433000-6c44c000 r--s 00000000 08:04 2810963    /usr/share/fonts/type1/gsfonts/n022004l.pfb
6c44c000-6c465000 r--s 00000000 08:04 2810948    /usr/share/fonts/type1/gsfonts/n021003l.pfb
6c465000-6c481000 r-xp 00000000 08:04 10617872   /lib/i386-linux-gnu/libgcc_s.so.1
6c481000-6c482000 rw-p 0001b000 08:04 10617872   /lib/i386-linux-gnu/libgcc_s.so.1
6c482000-6c483000 r--s 00000000 08:04 2385053    /var/cache/fontconfig/dc05db6664285cc2f12bf69c139ae4c3-le32d4.cache-4
6c483000-6c485000 r--s 00000000 08:04 2385048    /var/cache/fontconfig/767a8244fc0220cfb567a839d0392e0b-le32d4.cache-4
6c485000-6c499000 r--s 00000000 08:04 2810924    /usr/share/fonts/type1/gsfonts/n019003l.pfb
6c499000-6c4f9000 r-xp 00000000 08:04 3285666    /home/programmer/jdk1.7.0_71/jre/lib/i386/libfontmanager.so
6c4f9000-6c4fb000 rw-p 00060000 08:04 3285666    /home/programmer/jdk1.7.0_71/jre/lib/i386/libfontmanager.so
6c4fb000-6c500000 rw-p 00000000 00:00 0 
6c500000-6c5f8000 rw-p 00000000 00:00 0 
6c5f8000-6c600000 ---p 00000000 00:00 0 
6c600000-6c601000 r--s 00000000 08:04 2385047    /var/cache/fontconfig/4794a0821666d79190d59a36cb4f44b5-le32d4.cache-4
6c601000-6c605000 r--s 00000000 08:04 2385035    /var/cache/fontconfig/b47c4e1ecd0709278f4910c18777a504-le32d4.cache-4
6c605000-6c60f000 r--s 00000000 08:04 2810990    /usr/share/fonts/type1/mathml/Symbol.pfb
6c60f000-6c612000 ---p 00000000 00:00 0 
6c612000-6c660000 rw-p 00000000 00:00 0          [stack:8096]
6c660000-6c663000 ---p 00000000 00:00 0 
6c663000-6c6b1000 rw-p 00000000 00:00 0          [stack:8095]
6c6b1000-6c6b4000 ---p 00000000 00:00 0 
6c6b4000-6c702000 rw-p 00000000 00:00 0 
6c702000-6c717000 r-xp 00000000 08:04 3286124    /home/programmer/jdk1.7.0_71/jre/lib/i386/libnet.so
6c717000-6c718000 rw-p 00014000 08:04 3286124    /home/programmer/jdk1.7.0_71/jre/lib/i386/libnet.so
6c718000-6c71b000 ---p 00000000 00:00 0 
6c71b000-6c769000 rw-p 00000000 00:00 0 
6c769000-6c76c000 ---p 00000000 00:00 0 
6c76c000-6c7ba000 rw-p 00000000 00:00 0          [stack:8092]
6c7ba000-6c7be000 r-xp 00000000 08:04 2713801    /usr/lib/i386-linux-gnu/libXfixes.so.3.1.0
6c7be000-6c7bf000 r--p 00003000 08:04 2713801    /usr/lib/i386-linux-gnu/libXfixes.so.3.1.0
6c7bf000-6c7c0000 rw-p 00004000 08:04 2713801    /usr/lib/i386-linux-gnu/libXfixes.so.3.1.0
6c7c0000-6c7c1000 r--s 00000000 08:04 2385042    /var/cache/fontconfig/56cf4f4769d0f4abc89a4895d7bd3ae1-le32d4.cache-4
6c7c1000-6c7c2000 r--s 00000000 08:04 2385038    /var/cache/fontconfig/b9d506c9ac06c20b433354fa67a72993-le32d4.cache-4
6c7c2000-6c7c5000 r--s 00000000 08:04 2384762    /var/cache/fontconfig/d589a48862398ed80a3d6066f4f56f4c-le32d4.cache-4
6c7c5000-6c7c8000 r--s 00000000 08:04 2383136    /var/cache/fontconfig/7ef2298fde41cc6eeb7af42e48b7d293-le32d4.cache-4
6c7c8000-6c7d6000 r-xp 00000000 08:04 3286123    /home/programmer/jdk1.7.0_71/jre/lib/i386/libnio.so
6c7d6000-6c7d7000 rw-p 0000e000 08:04 3286123    /home/programmer/jdk1.7.0_71/jre/lib/i386/libnio.so
6c7d7000-6c7da000 ---p 00000000 00:00 0 
6c7da000-6c828000 rw-p 00000000 00:00 0          [stack:8091]
6c828000-6c84e000 r--p 00000000 08:04 3065112    /usr/share/locale-langpack/es/LC_MESSAGES/libc.mo
6c84e000-6c853000 r-xp 00000000 08:04 2713797    /usr/lib/i386-linux-gnu/libXdmcp.so.6.0.0
6c853000-6c854000 r--p 00004000 08:04 2713797    /usr/lib/i386-linux-gnu/libXdmcp.so.6.0.0
6c854000-6c855000 rw-p 00005000 08:04 2713797    /usr/lib/i386-linux-gnu/libXdmcp.so.6.0.0
6c855000-6c875000 r-xp 00000000 08:04 2714852    /usr/lib/i386-linux-gnu/libxcb.so.1.1.0
6c875000-6c876000 r--p 0001f000 08:04 2714852    /usr/lib/i386-linux-gnu/libxcb.so.1.1.0
6c876000-6c877000 rw-p 00020000 08:04 2714852    /usr/lib/i386-linux-gnu/libxcb.so.1.1.0
6c877000-6c886000 r-xp 00000000 08:04 2713807    /usr/lib/i386-linux-gnu/libXi.so.6.1.0
6c886000-6c887000 r--p 0000e000 08:04 2713807    /usr/lib/i386-linux-gnu/libXi.so.6.1.0
6c887000-6c888000 rw-p 0000f000 08:04 2713807    /usr/lib/i386-linux-gnu/libXi.so.6.1.0
6c888000-6c88d000 r-xp 00000000 08:04 2713827    /usr/lib/i386-linux-gnu/libXtst.so.6.1.0
6c88d000-6c88e000 r--p 00004000 08:04 2713827    /usr/lib/i386-linux-gnu/libXtst.so.6.1.0
6c88e000-6c88f000 rw-p 00005000 08:04 2713827    /usr/lib/i386-linux-gnu/libXtst.so.6.1.0
6c88f000-6c898000 r-xp 00000000 08:04 2713821    /usr/lib/i386-linux-gnu/libXrender.so.1.3.0
6c898000-6c899000 r--p 00008000 08:04 2713821    /usr/lib/i386-linux-gnu/libXrender.so.1.3.0
6c899000-6c89a000 rw-p 00009000 08:04 2713821    /usr/lib/i386-linux-gnu/libXrender.so.1.3.0
6c89a000-6c9ca000 r-xp 00000000 08:04 2713782    /usr/lib/i386-linux-gnu/libX11.so.6.3.0
6c9ca000-6c9cb000 r--p 00130000 08:04 2713782    /usr/lib/i386-linux-gnu/libX11.so.6.3.0
6c9cb000-6c9cd000 rw-p 00131000 08:04 2713782    /usr/lib/i386-linux-gnu/libX11.so.6.3.0
6c9cd000-6c9ce000 rw-p 00000000 00:00 0 
6c9ce000-6c9df000 r-xp 00000000 08:04 2713799    /usr/lib/i386-linux-gnu/libXext.so.6.4.0
6c9df000-6c9e0000 r--p 00010000 08:04 2713799    /usr/lib/i386-linux-gnu/libXext.so.6.4.0
6c9e0000-6c9e1000 rw-p 00011000 08:04 2713799    /usr/lib/i386-linux-gnu/libXext.so.6.4.0
6c9e1000-6c9e6000 r--s 00000000 08:04 2385061    /var/cache/fontconfig/3830d5c3ddfd5cd38a049b759396e72e-le32d4.cache-4
6c9e6000-6c9ef000 r-xp 00000000 08:04 2713793    /usr/lib/i386-linux-gnu/libXcursor.so.1.0.2
6c9ef000-6c9f0000 r--p 00008000 08:04 2713793    /usr/lib/i386-linux-gnu/libXcursor.so.1.0.2
6c9f0000-6c9f1000 rw-p 00009000 08:04 2713793    /usr/lib/i386-linux-gnu/libXcursor.so.1.0.2
6c9f1000-6c9f8000 r--s 00000000 08:04 2720582    /usr/lib/i386-linux-gnu/gconv/gconv-modules.cache
6c9f8000-6ca41000 r-xp 00000000 08:04 3285743    /home/programmer/jdk1.7.0_71/jre/lib/i386/xawt/libmawt.so
6ca41000-6ca43000 rw-p 00049000 08:04 3285743    /home/programmer/jdk1.7.0_71/jre/lib/i386/xawt/libmawt.so
6ca43000-6ca44000 rw-p 00000000 00:00 0 
6ca44000-6caca000 r-xp 00000000 08:04 3286126    /home/programmer/jdk1.7.0_71/jre/lib/i386/libawt.so
6caca000-6cad1000 rw-p 00086000 08:04 3286126    /home/programmer/jdk1.7.0_71/jre/lib/i386/libawt.so
6cad1000-6caf5000 rw-p 00000000 00:00 0 
6caf5000-6cb00000 r--s 0037c000 08:04 3278331    /home/programmer/jdk1.7.0_71/jre/lib/charsets.jar
6cb00000-6cbfc000 rw-p 00000000 00:00 0 
6cbfc000-6cc00000 ---p 00000000 00:00 0 
6cc00000-6cc02000 r--s 00000000 08:04 2375809    /var/cache/fontconfig/e13b20fdb08344e0e664864cc2ede53d-le32d4.cache-4
6cc02000-6cc04000 r-xp 00000000 08:04 2713786    /usr/lib/i386-linux-gnu/libXau.so.6.0.0
6cc04000-6cc05000 r--p 00001000 08:04 2713786    /usr/lib/i386-linux-gnu/libXau.so.6.0.0
6cc05000-6cc06000 rw-p 00002000 08:04 2713786    /usr/lib/i386-linux-gnu/libXau.so.6.0.0
6cc06000-6cc0c000 r--s 00030000 08:04 3310797    /home/programmer/Documentos/sono_music/trunk/sonomusic/lib/jcalendar/junit-4.6.jar
6cc0c000-6cc15000 r--s 00058000 08:04 3310796    /home/programmer/Documentos/sono_music/trunk/sonomusic/lib/jcalendar/jgoodies-looks-2.4.1.jar
6cc15000-6cc6f000 r--s 0046e000 08:04 3310788    /home/programmer/Documentos/sono_music/trunk/sonomusic/lib/JasperReport/jasperreports-javaflow-5.6.0.jar
6cc6f000-6ccca000 r--s 00463000 08:04 3310785    /home/programmer/Documentos/sono_music/trunk/sonomusic/lib/JasperReport/jasperreports-5.6.0.jar
6ccca000-6cd29000 r--s 00589000 08:04 3310783    /home/programmer/Documentos/sono_music/trunk/sonomusic/lib/JasperReport/groovy-all-2.0.1.jar
6cd29000-6cd2a000 ---p 00000000 00:00 0 
6cd2a000-6cdaa000 rw-p 00000000 00:00 0          [stack:8090]
6cdaa000-6cdad000 ---p 00000000 00:00 0 
6cdad000-6cdfb000 rw-p 00000000 00:00 0          [stack:8089]
6cdfb000-6cdfe000 ---p 00000000 00:00 0 
6cdfe000-6ce7c000 rw-p 00000000 00:00 0          [stack:8088]
6ce7c000-6ce7f000 ---p 00000000 00:00 0 
6ce7f000-6cefd000 rw-p 00000000 00:00 0          [stack:8087]
6cefd000-6cf00000 ---p 00000000 00:00 0 
6cf00000-6cf4e000 rw-p 00000000 00:00 0          [stack:8086]
6cf4e000-6d07f000 r--p 0032d000 08:04 2714985    /usr/lib/locale/locale-archive
6d07f000-6d27f000 r--p 00000000 08:04 2714985    /usr/lib/locale/locale-archive
6d27f000-6d280000 ---p 00000000 00:00 0 
6d280000-6d300000 rw-p 00000000 00:00 0          [stack:8083]
6d300000-6d3fa000 rw-p 00000000 00:00 0 
6d3fa000-6d400000 ---p 00000000 00:00 0 
6d400000-6d401000 r--s 00000000 08:04 2384185    /var/cache/fontconfig/0c9eb80ebd1c36541ebe2852d3bb0c49-le32d4.cache-4
6d401000-6d41e000 r--s 0017c000 08:04 3310792    /home/programmer/Documentos/sono_music/trunk/sonomusic/lib/JasperReport/poi-3.7-20101029.jar
6d41e000-6d42e000 r--s 0013f000 08:04 3310790    /home/programmer/Documentos/sono_music/trunk/sonomusic/lib/JasperReport/jfreechart-1.0.12.jar
6d42e000-6d431000 ---p 00000000 00:00 0 
6d431000-6d47f000 rw-p 00000000 00:00 0          [stack:8085]
6d47f000-6d63e000 r--s 039e9000 08:04 3278351    /home/programmer/jdk1.7.0_71/jre/lib/rt.jar
6d63e000-6fc00000 rw-p 00000000 00:00 0 
6fc00000-6fcfb000 rw-p 00000000 00:00 0 
6fcfb000-6fd00000 ---p 00000000 00:00 0 
6fd00000-6fd03000 r--s 00000000 08:04 2375813    /var/cache/fontconfig/0fae4a4b0900fb5cc2bc65a84b5e2f69-le32d4.cache-4
6fd03000-6fd09000 r--s 00023000 08:04 3310794    /home/programmer/Documentos/sono_music/trunk/sonomusic/lib/jcalendar/jcalendar-1.4.jar
6fd09000-6fd0c000 ---p 00000000 00:00 0 
6fd0c000-6fe00000 rw-p 00000000 00:00 0          [stack:8084]
6fe00000-6fe8e000 rw-p 00000000 00:00 0 
6fe8e000-6ff00000 ---p 00000000 00:00 0 
6ff00000-6ff02000 r--s 00074000 08:04 3318916    /home/programmer/Documentos/sono_music/trunk/sonomusic/lib/Notify/NiconNotifyOSD 1.0.jar
6ff02000-6ff03000 r--s 00006000 08:04 3310795    /home/programmer/Documentos/sono_music/trunk/sonomusic/lib/jcalendar/jgoodies-common-1.2.0.jar
6ff03000-6ff0b000 r--s 000c3000 08:04 3310799    /home/programmer/Documentos/sono_music/trunk/sonomusic/lib/MySQLDriver/mysql-connector-java-5.1.23-bin.jar
6ff0b000-6ff11000 r--s 00046000 08:04 3310789    /home/programmer/Documentos/sono_music/trunk/sonomusic/lib/JasperReport/jcommon-1.0.15.jar
6ff11000-6ff13000 r--s 0025c000 08:04 3310787    /home/programmer/Documentos/sono_music/trunk/sonomusic/lib/JasperReport/jasperreports-fonts-5.6.0.jar
6ff13000-6ff1e000 r--s 0007c000 08:04 3310786    /home/programmer/Documentos/sono_music/trunk/sonomusic/lib/JasperReport/jasperreports-applet-5.6.0.jar
6ff1e000-6ff2b000 r--s 00108000 08:04 3310784    /home/programmer/Documentos/sono_music/trunk/sonomusic/lib/JasperReport/iText-2.1.7.js2.jar
6ff2b000-6ff39000 r--s 0007f000 08:04 3310779    /home/programmer/Documentos/sono_music/trunk/sonomusic/lib/JasperReport/commons-collections-3.2.1.jar
6ff39000-6ff53000 rw-p 00000000 00:00 0 
6ff53000-6ff54000 ---p 00000000 00:00 0 
6ff54000-6ffd4000 rw-p 00000000 00:00 0          [stack:8082]
6ffd4000-6ffd5000 ---p 00000000 00:00 0 
6ffd5000-7006a000 rw-p 00000000 00:00 0          [stack:8081]
7006a000-701a6000 rw-p 00000000 00:00 0 
701a6000-701ae000 rw-p 00000000 00:00 0 
701ae000-701c6000 rw-p 00000000 00:00 0 
701c6000-701db000 rw-p 00000000 00:00 0 
701db000-70316000 rw-p 00000000 00:00 0 
70316000-70322000 rw-p 00000000 00:00 0 
70322000-703bf000 rw-p 00000000 00:00 0 
703bf000-713c0000 rw-p 00000000 00:00 0 
713c0000-743c0000 rw-p 00000000 00:00 0 
743c0000-76dc0000 rw-p 00000000 00:00 0 
76dc0000-9e500000 rw-p 00000000 00:00 0 
9e500000-9fa00000 rw-p 00000000 00:00 0 
9fa00000-b35c0000 rw-p 00000000 00:00 0 
b35c0000-b35c2000 r--s 0000d000 08:04 3310782    /home/programmer/Documentos/sono_music/trunk/sonomusic/lib/JasperReport/commons-logging-1.1.1.jar
b35c2000-b35c5000 r--s 00015000 08:04 3310781    /home/programmer/Documentos/sono_music/trunk/sonomusic/lib/JasperReport/commons-javaflow-20060411.jar
b35c5000-b35cb000 r--s 0002b000 08:04 3310780    /home/programmer/Documentos/sono_music/trunk/sonomusic/lib/JasperReport/commons-digester-2.1.jar
b35cb000-b35d3000 rw-p 00000000 00:00 0 
b35d3000-b35eb000 rw-p 00000000 00:00 0 
b35eb000-b35f4000 rw-p 00000000 00:00 0 
b35f4000-b36ab000 rw-p 00000000 00:00 0 
b36ab000-b38eb000 rwxp 00000000 00:00 0 
b38eb000-b66ab000 rw-p 00000000 00:00 0 
b66ab000-b66c2000 r-xp 00000000 08:04 3286122    /home/programmer/jdk1.7.0_71/jre/lib/i386/libzip.so
b66c2000-b66c3000 rw-p 00017000 08:04 3286122    /home/programmer/jdk1.7.0_71/jre/lib/i386/libzip.so
b66c3000-b66ce000 r-xp 00000000 08:04 10617920   /lib/i386-linux-gnu/libnss_files-2.19.so
b66ce000-b66cf000 r--p 0000a000 08:04 10617920   /lib/i386-linux-gnu/libnss_files-2.19.so
b66cf000-b66d0000 rw-p 0000b000 08:04 10617920   /lib/i386-linux-gnu/libnss_files-2.19.so
b66d0000-b66e5000 r-xp 00000000 08:04 10617914   /lib/i386-linux-gnu/libnsl-2.19.so
b66e5000-b66e6000 r--p 00015000 08:04 10617914   /lib/i386-linux-gnu/libnsl-2.19.so
b66e6000-b66e7000 rw-p 00016000 08:04 10617914   /lib/i386-linux-gnu/libnsl-2.19.so
b66e7000-b66e9000 rw-p 00000000 00:00 0 
b66e9000-b66ea000 r--s 00002000 08:04 3310791    /home/programmer/Documentos/sono_music/trunk/sonomusic/lib/JasperReport/png-encoder-1.5.jar
b66ea000-b66ef000 r--s 00034000 08:04 3310778    /home/programmer/Documentos/sono_music/trunk/sonomusic/lib/JasperReport/commons-beanutils-1.8.0.jar
b66ef000-b66f4000 r--s 0003e000 08:04 3310777    /home/programmer/Documentos/sono_music/trunk/sonomusic/lib/JasperReport/barcode4j-2.1.jar
b66f4000-b66f7000 r--s 00014000 08:04 3310776    /home/programmer/Documentos/sono_music/trunk/sonomusic/lib/JasperReport/barbecue-1.5-beta1.jar
b66f7000-b66f8000 r--p 0059c000 08:04 2714985    /usr/lib/locale/locale-archive
b66f8000-b6700000 rw-s 00000000 08:04 4554846    /tmp/hsperfdata_programmer/8075
b6700000-b67f4000 rw-p 00000000 00:00 0 
b67f4000-b6800000 ---p 00000000 00:00 0 
b6800000-b680a000 r-xp 00000000 08:04 10617930   /lib/i386-linux-gnu/libnss_nis-2.19.so
b680a000-b680b000 r--p 00009000 08:04 10617930   /lib/i386-linux-gnu/libnss_nis-2.19.so
b680b000-b680c000 rw-p 0000a000 08:04 10617930   /lib/i386-linux-gnu/libnss_nis-2.19.so
b680c000-b682f000 r-xp 00000000 08:04 3286062    /home/programmer/jdk1.7.0_71/jre/lib/i386/libjava.so
b682f000-b6830000 rw-p 00023000 08:04 3286062    /home/programmer/jdk1.7.0_71/jre/lib/i386/libjava.so
b6830000-b6837000 r-xp 00000000 08:04 10617973   /lib/i386-linux-gnu/librt-2.19.so
b6837000-b6838000 r--p 00006000 08:04 10617973   /lib/i386-linux-gnu/librt-2.19.so
b6838000-b6839000 rw-p 00007000 08:04 10617973   /lib/i386-linux-gnu/librt-2.19.so
b6839000-b683c000 ---p 00000000 00:00 0 
b683c000-b688a000 rw-p 00000000 00:00 0          [stack:8079]
b688a000-b68ce000 r-xp 00000000 08:04 10617895   /lib/i386-linux-gnu/libm-2.19.so
b68ce000-b68cf000 r--p 00043000 08:04 10617895   /lib/i386-linux-gnu/libm-2.19.so
b68cf000-b68d0000 rw-p 00044000 08:04 10617895   /lib/i386-linux-gnu/libm-2.19.so
b68d0000-b7154000 r-xp 00000000 08:04 3285692    /home/programmer/jdk1.7.0_71/jre/lib/i386/server/libjvm.so
b7154000-b71b8000 rw-p 00884000 08:04 3285692    /home/programmer/jdk1.7.0_71/jre/lib/i386/server/libjvm.so
b71b8000-b75dc000 rw-p 00000000 00:00 0 
b75dc000-b7785000 r-xp 00000000 08:04 10617845   /lib/i386-linux-gnu/libc-2.19.so
b7785000-b7787000 r--p 001a9000 08:04 10617845   /lib/i386-linux-gnu/libc-2.19.so
b7787000-b7788000 rw-p 001ab000 08:04 10617845   /lib/i386-linux-gnu/libc-2.19.so
b7788000-b778b000 rw-p 00000000 00:00 0 
b778b000-b778e000 r-xp 00000000 08:04 10617862   /lib/i386-linux-gnu/libdl-2.19.so
b778e000-b778f000 r--p 00002000 08:04 10617862   /lib/i386-linux-gnu/libdl-2.19.so
b778f000-b7790000 rw-p 00003000 08:04 10617862   /lib/i386-linux-gnu/libdl-2.19.so
b7790000-b77a3000 r-xp 00000000 08:04 3285852    /home/programmer/jdk1.7.0_71/jre/lib/i386/jli/libjli.so
b77a3000-b77a4000 rw-p 00012000 08:04 3285852    /home/programmer/jdk1.7.0_71/jre/lib/i386/jli/libjli.so
b77a4000-b77a5000 rw-p 00000000 00:00 0 
b77a5000-b77bd000 r-xp 00000000 08:04 10617965   /lib/i386-linux-gnu/libpthread-2.19.so
b77bd000-b77be000 r--p 00017000 08:04 10617965   /lib/i386-linux-gnu/libpthread-2.19.so
b77be000-b77bf000 rw-p 00018000 08:04 10617965   /lib/i386-linux-gnu/libpthread-2.19.so
b77bf000-b77c1000 rw-p 00000000 00:00 0 
b77c1000-b77c8000 r-xp 00000000 08:04 10617916   /lib/i386-linux-gnu/libnss_compat-2.19.so
b77c8000-b77c9000 r--p 00006000 08:04 10617916   /lib/i386-linux-gnu/libnss_compat-2.19.so
b77c9000-b77ca000 rw-p 00007000 08:04 10617916   /lib/i386-linux-gnu/libnss_compat-2.19.so
b77ca000-b77cb000 rw-p 00000000 00:00 0 
b77cb000-b77cc000 r--p 00000000 00:00 0 
b77cc000-b77d7000 r-xp 00000000 08:04 3285920    /home/programmer/jdk1.7.0_71/jre/lib/i386/libverify.so
b77d7000-b77d8000 rw-p 0000b000 08:04 3285920    /home/programmer/jdk1.7.0_71/jre/lib/i386/libverify.so
b77d8000-b77da000 rw-p 00000000 00:00 0 
b77da000-b77db000 r-xp 00000000 00:00 0          [vdso]
b77db000-b77fb000 r-xp 00000000 08:04 10617821   /lib/i386-linux-gnu/ld-2.19.so
b77fb000-b77fc000 r--p 0001f000 08:04 10617821   /lib/i386-linux-gnu/ld-2.19.so
b77fc000-b77fd000 rw-p 00020000 08:04 10617821   /lib/i386-linux-gnu/ld-2.19.so
bfec7000-bfec8000 rwxp 00000000 00:00 0 
bfef9000-bff1b000 rw-p 00000000 00:00 0          [stack]

VM Arguments:
jvm_args: -Dfile.encoding=UTF-8 
java_command: sonomusic.Sonomusic
Launcher Type: SUN_STANDARD

Environment Variables:
PATH=/usr/local/sbin:/usr/local/bin:/usr/sbin:/usr/bin:/sbin:/bin:/usr/games:/usr/local/games
LD_LIBRARY_PATH=/home/programmer/jdk1.7.0_71/jre/lib/amd64:/home/programmer/jdk1.7.0_71/jre/lib/i386:
SHELL=/bin/bash
DISPLAY=:0

Signal Handlers:
SIGSEGV: [libjvm.so+0x7e8e90], sa_mask[0]=0x7ffbfeff, sa_flags=0x10000004
SIGBUS: [libjvm.so+0x7e8e90], sa_mask[0]=0x7ffbfeff, sa_flags=0x10000004
SIGFPE: [libjvm.so+0x681f90], sa_mask[0]=0x7ffbfeff, sa_flags=0x10000004
SIGPIPE: [libjvm.so+0x681f90], sa_mask[0]=0x7ffbfeff, sa_flags=0x10000004
SIGXFSZ: [libjvm.so+0x681f90], sa_mask[0]=0x7ffbfeff, sa_flags=0x10000004
SIGILL: [libjvm.so+0x681f90], sa_mask[0]=0x7ffbfeff, sa_flags=0x10000004
SIGUSR1: SIG_DFL, sa_mask[0]=0x00000000, sa_flags=0x00000000
SIGUSR2: [libjvm.so+0x683790], sa_mask[0]=0x00000004, sa_flags=0x10000004
SIGHUP: [libjvm.so+0x684a90], sa_mask[0]=0x7ffbfeff, sa_flags=0x10000004
SIGINT: SIG_IGN, sa_mask[0]=0x00000000, sa_flags=0x00000000
SIGTERM: [libjvm.so+0x684a90], sa_mask[0]=0x7ffbfeff, sa_flags=0x10000004
SIGQUIT: [libjvm.so+0x684a90], sa_mask[0]=0x7ffbfeff, sa_flags=0x10000004


---------------  S Y S T E M  ---------------

OS:jessie/sid

uname:Linux 3.13.0-32-generic #57-Ubuntu SMP Tue Jul 15 03:51:12 UTC 2014 i686
libc:glibc 2.19 NPTL 2.19 
rlimit: STACK 8192k, CORE 0k, NPROC 32062, NOFILE 4096, AS infinity
load average:0,32 0,36 0,39

/proc/meminfo:
MemTotal:        4130832 kB
MemFree:         2331120 kB
Buffers:          116088 kB
Cached:          1039544 kB
SwapCached:            0 kB
Active:           912328 kB
Inactive:         751396 kB
Active(anon):     521788 kB
Inactive(anon):     9984 kB
Active(file):     390540 kB
Inactive(file):   741412 kB
Unevictable:          48 kB
Mlocked:              48 kB
HighTotal:       3278792 kB
HighFree:        1858736 kB
LowTotal:         852040 kB
LowFree:          472384 kB
SwapTotal:             0 kB
SwapFree:              0 kB
Dirty:              1292 kB
Writeback:             0 kB
AnonPages:        451020 kB
Mapped:           144764 kB
Shmem:             23668 kB
Slab:              62520 kB
SReclaimable:      45252 kB
SUnreclaim:        17268 kB
KernelStack:        2776 kB
PageTables:         7424 kB
NFS_Unstable:          0 kB
Bounce:                0 kB
WritebackTmp:          0 kB
CommitLimit:     2065416 kB
Committed_AS:    2647420 kB
VmallocTotal:     122880 kB
VmallocUsed:       19612 kB
VmallocChunk:      92940 kB
HardwareCorrupted:     0 kB
AnonHugePages:    215040 kB
HugePages_Total:       0
HugePages_Free:        0
HugePages_Rsvd:        0
HugePages_Surp:        0
Hugepagesize:       2048 kB
DirectMap4k:       18424 kB
DirectMap2M:      894976 kB


CPU:total 2 (2 cores per cpu, 1 threads per core) family 16 model 6 stepping 3, cmov, cx8, fxsr, mmx, sse, sse2, sse3, popcnt, mmxext, 3dnowpref, lzcnt, sse4a, tsc, tscinvbit, tscinv

/proc/cpuinfo:
processor	: 0
vendor_id	: AuthenticAMD
cpu family	: 16
model		: 6
model name	: AMD Athlon(tm) II X2 270 Processor
stepping	: 3
microcode	: 0x10000c8
cpu MHz		: 3400.000
cache size	: 1024 KB
physical id	: 0
siblings	: 2
core id		: 0
cpu cores	: 2
apicid		: 0
initial apicid	: 0
fdiv_bug	: no
f00f_bug	: no
coma_bug	: no
fpu		: yes
fpu_exception	: yes
cpuid level	: 5
wp		: yes
flags		: fpu vme de pse tsc msr pae mce cx8 apic sep mtrr pge mca cmov pat pse36 clflush mmx fxsr sse sse2 ht syscall nx mmxext fxsr_opt pdpe1gb rdtscp lm 3dnowext 3dnow constant_tsc nonstop_tsc extd_apicid pni monitor cx16 popcnt lahf_lm cmp_legacy svm extapic cr8_legacy abm sse4a misalignsse 3dnowprefetch osvw ibs skinit wdt hw_pstate npt lbrv svm_lock nrip_save
bogomips	: 6829.88
clflush size	: 64
cache_alignment	: 64
address sizes	: 48 bits physical, 48 bits virtual
power management: ts ttp tm stc 100mhzsteps hwpstate

processor	: 1
vendor_id	: AuthenticAMD
cpu family	: 16
model		: 6
model name	: AMD Athlon(tm) II X2 270 Processor
stepping	: 3
microcode	: 0x10000c8
cpu MHz		: 3400.000
cache size	: 1024 KB
physical id	: 0
siblings	: 2
core id		: 1
cpu cores	: 2
apicid		: 1
initial apicid	: 1
fdiv_bug	: no
f00f_bug	: no
coma_bug	: no
fpu		: yes
fpu_exception	: yes
cpuid level	: 5
wp		: yes
flags		: fpu vme de pse tsc msr pae mce cx8 apic sep mtrr pge mca cmov pat pse36 clflush mmx fxsr sse sse2 ht syscall nx mmxext fxsr_opt pdpe1gb rdtscp lm 3dnowext 3dnow constant_tsc nonstop_tsc extd_apicid pni monitor cx16 popcnt lahf_lm cmp_legacy svm extapic cr8_legacy abm sse4a misalignsse 3dnowprefetch osvw ibs skinit wdt hw_pstate npt lbrv svm_lock nrip_save
bogomips	: 6829.88
clflush size	: 64
cache_alignment	: 64
address sizes	: 48 bits physical, 48 bits virtual
power management: ts ttp tm stc 100mhzsteps hwpstate



Memory: 4k page, physical 4130832k(2391664k free), swap 0k(0k free)

vm_info: Java HotSpot(TM) Server VM (24.71-b01) for linux-x86 JRE (1.7.0_71-b14), built on Sep 26 2014 16:44:29 by "java_re" with gcc 4.3.0 20080428 (Red Hat 4.3.0-8)

time: Thu Mar 12 12:15:20 2015
elapsed time: 276 seconds

